[debug] [2022-06-06T07:50:52.624Z] ----------------------------------------------------------------------
[debug] [2022-06-06T07:50:52.626Z] Command:       C:\Program Files\nodejs\node.exe C:\Users\Miraz\AppData\Roaming\npm\node_modules\firebase-tools\lib\bin\firebase.js init
[debug] [2022-06-06T07:50:52.627Z] CLI Version:   10.7.1
[debug] [2022-06-06T07:50:52.627Z] Platform:      win32
[debug] [2022-06-06T07:50:52.627Z] Node Version:  v16.13.1
[debug] [2022-06-06T07:50:52.633Z] Time:          Mon Jun 06 2022 13:50:52 GMT+0600 (East Kazakhstan Time)
[debug] [2022-06-06T07:50:52.633Z] ----------------------------------------------------------------------
[debug] 
[debug] [2022-06-06T07:50:52.637Z] >>> [apiv2][query] GET https://firebase-public.firebaseio.com/cli.json [none]
[debug] [2022-06-06T07:50:52.733Z] > command requires scopes: ["email","openid","https://www.googleapis.com/auth/cloudplatformprojects.readonly","https://www.googleapis.com/auth/firebase","https://www.googleapis.com/auth/cloud-platform"]
[debug] [2022-06-06T07:50:52.733Z] > authorizing via signed-in user (hasibmiraz09@gmail.com)
[info] 
     ######## #### ########  ######## ########     ###     ######  ########
     ##        ##  ##     ## ##       ##     ##  ##   ##  ##       ##
     ######    ##  ########  ######   ########  #########  ######  ######
     ##        ##  ##    ##  ##       ##     ## ##     ##       ## ##
     ##       #### ##     ## ######## ########  ##     ##  ######  ########

You're about to initialize a Firebase project in this directory:

  E:\web-dev-projects\public-assignments\bicycle4life-client

Before we get started, keep in mind:

  * You are initializing within an existing Firebase project directory

[debug] [2022-06-06T07:50:53.862Z] <<< [apiv2][status] GET https://firebase-public.firebaseio.com/cli.json 200
[debug] [2022-06-06T07:50:53.863Z] <<< [apiv2][body] GET https://firebase-public.firebaseio.com/cli.json {"cloudBuildErrorAfter":1594252800000,"cloudBuildWarnAfter":1590019200000,"defaultNode10After":1594252800000,"minVersion":"3.0.5","node8DeploysDisabledAfter":1613390400000,"node8RuntimeDisabledAfter":1615809600000,"node8WarnAfter":1600128000000}
